+ bash /home/abhishek-choudhary/work/11jun/ops/bin/mint_release_dois.sh
DOI 10.5281/zenodo.20704259  <-  poster:certification.jpg
DOI 10.5281/zenodo.20704265  <-  poster:cost-evm.jpg
DOI 10.5281/zenodo.20704275  <-  poster:interpretation.jpg
DOI 10.5281/zenodo.20704282  <-  poster:master-pdd.jpg
DOI 10.5281/zenodo.20704294  <-  poster:pillar1-amortization.jpg
DOI 10.5281/zenodo.20704296  <-  poster:pillar1-field.jpg
DOI 10.5281/zenodo.20704298  <-  poster:pillar1-pdd.jpg
DOI 10.5281/zenodo.20704300  <-  poster:pillar1-privacy.jpg
DOI 10.5281/zenodo.20704304  <-  poster:pillar2-pdd.jpg
DOI 10.5281/zenodo.20704306  <-  poster:research-agenda.jpg
DOI 10.5281/zenodo.20704316  <-  poster:scope-stack.jpg
DOI 10.5281/zenodo.20704322  <-  poster:two-pillar-relationship.jpg
DOI 10.5281/zenodo.20704326  <-  poster:vision-protocol.jpg
DOI 10.5281/zenodo.20704330  <-  poster:canonical-theory.jpg
DOI 10.5281/zenodo.20704334  <-  poster:cognitive-science.jpg
DOI 10.5281/zenodo.20704342  <-  poster:cross-script-1.jpg
DOI 10.5281/zenodo.20704349  <-  poster:cross-script-2.jpg
DOI 10.5281/zenodo.20704353  <-  poster:cs-factorization.jpg
DOI 10.5281/zenodo.20704363  <-  poster:formal-language.jpg
DOI 10.5281/zenodo.20704373  <-  poster:ilm-architecture.jpg
DOI 10.5281/zenodo.20704380  <-  poster:information-theory.jpg
DOI 10.5281/zenodo.20704385  <-  poster:neurolinguistics.jpg
DOI 10.5281/zenodo.20704389  <-  poster:psycholinguistics.jpg
DOI 10.5281/zenodo.20704392  <-  pkg:ajami
DOI 10.5281/zenodo.20704396  <-  pkg:arabic
DOI 10.5281/zenodo.20704399  <-  pkg:aramaic
DOI 10.5281/zenodo.20704406  <-  pkg:ar
DOI 10.5281/zenodo.20704409  <-  pkg:assamese
DOI 10.5281/zenodo.20704413  <-  pkg:awadhi
DOI 10.5281/zenodo.20704419  <-  pkg:azb
DOI 10.5281/zenodo.20704427  <-  pkg:balinese
DOI 10.5281/zenodo.20704433  <-  pkg:balochi
DOI 10.5281/zenodo.20704435  <-  pkg:bal
DOI 10.5281/zenodo.20704440  <-  pkg:batak
DOI 10.5281/zenodo.20704442  <-  pkg:bengali
DOI 10.5281/zenodo.20704446  <-  pkg:beng
DOI 10.5281/zenodo.20704452  <-  pkg:bft
DOI 10.5281/zenodo.20704454  <-  pkg:bhojpuri
DOI 10.5281/zenodo.20704464  <-  pkg:bodo
DOI 10.5281/zenodo.20704466  <-  pkg:brh
DOI 10.5281/zenodo.20704471  <-  pkg:buginese
DOI 10.5281/zenodo.20704473  <-  pkg:burmese
DOI 10.5281/zenodo.20704479  <-  pkg:chhattisgarhi
DOI 10.5281/zenodo.20704481  <-  pkg:dari
DOI 10.5281/zenodo.20704486  <-  pkg:dev
DOI 10.5281/zenodo.20704492  <-  pkg:dogri
DOI 10.5281/zenodo.20704498  <-  pkg:dzongkha
DOI 10.5281/zenodo.20704504  <-  pkg:fa
DOI 10.5281/zenodo.20704506  <-  pkg:ff_aj
DOI 10.5281/zenodo.20704509  <-  pkg:glk
DOI 10.5281/zenodo.20704513  <-  pkg:gujarati
DOI 10.5281/zenodo.20704515  <-  pkg:ha_aj
DOI 10.5281/zenodo.20704521  <-  pkg:haz
DOI 10.5281/zenodo.20704524  <-  pkg:hebrew
DOI 10.5281/zenodo.20704527  <-  pkg:hi
DOI 10.5281/zenodo.20704529  <-  pkg:hnd
DOI 10.5281/zenodo.20704535  <-  pkg:javanese
DOI 10.5281/zenodo.20704539  <-  pkg:jawi
DOI 10.5281/zenodo.20704541  <-  pkg:jpr
DOI 10.5281/zenodo.20704545  <-  pkg:jrb
DOI 10.5281/zenodo.20704550  <-  pkg:kannada
DOI 10.5281/zenodo.20704554  <-  pkg:kashmiri
DOI 10.5281/zenodo.20704558  <-  pkg:khmer
DOI 10.5281/zenodo.20704564  <-  pkg:khw
DOI 10.5281/zenodo.20704566  <-  pkg:kk_arab
DOI 10.5281/zenodo.20704571  <-  pkg:konkani
DOI 10.5281/zenodo.20704575  <-  pkg:kr_arab
DOI 10.5281/zenodo.20704577  <-  pkg:ks
DOI 10.5281/zenodo.20704579  <-  pkg:ku_kmr_pa
DOI 10.5281/zenodo.20704583  <-  pkg:ku_sor
DOI 10.5281/zenodo.20704586  <-  pkg:ky_arab
DOI 10.5281/zenodo.20704590  <-  pkg:lao
DOI 10.5281/zenodo.20704594  <-  pkg:lepcha
DOI 10.5281/zenodo.20704598  <-  pkg:limbu
DOI 10.5281/zenodo.20704603  <-  pkg:lrc
DOI 10.5281/zenodo.20704605  <-  pkg:magahi
DOI 10.5281/zenodo.20704609  <-  pkg:maithili
DOI 10.5281/zenodo.20704611  <-  pkg:malayalam
DOI 10.5281/zenodo.20704618  <-  pkg:mandaic
DOI 10.5281/zenodo.20704622  <-  pkg:marathi
DOI 10.5281/zenodo.20704626  <-  pkg:marwari
DOI 10.5281/zenodo.20704628  <-  pkg:mnk_aj
DOI 10.5281/zenodo.20704630  <-  pkg:ms_jawi
DOI 10.5281/zenodo.20704635  <-  pkg:mzn
DOI 10.5281/zenodo.20704639  <-  pkg:nabataean
DOI 10.5281/zenodo.20704641  <-  pkg:nepali
DOI 10.5281/zenodo.20704645  <-  pkg:newari
DOI 10.5281/zenodo.20704647  <-  pkg:odia
DOI 10.5281/zenodo.20704649  <-  pkg:ota
DOI 10.5281/zenodo.20704651  <-  pkg:pali
DOI 10.5281/zenodo.20704653  <-  pkg:pa_sh
DOI 10.5281/zenodo.20704659  <-  pkg:pashto
DOI 10.5281/zenodo.20704663  <-  pkg:persian
DOI 10.5281/zenodo.20704665  <-  pkg:phoenician
DOI 10.5281/zenodo.20704667  <-  pkg:prakrit
DOI 10.5281/zenodo.20704669  <-  pkg:prs
DOI 10.5281/zenodo.20704671  <-  pkg:punjabi
DOI 10.5281/zenodo.20704675  <-  pkg:rajasthani
DOI 10.5281/zenodo.20704677  <-  pkg:rhg
DOI 10.5281/zenodo.20704679  <-  pkg:samaritan
DOI 10.5281/zenodo.20704681  <-  pkg:sanskrit
DOI 10.5281/zenodo.20704685  <-  pkg:santali
DOI 10.5281/zenodo.20704689  <-  pkg:saraiki
DOI 10.5281/zenodo.20704691  <-  pkg:scl
DOI 10.5281/zenodo.20704695  <-  pkg:sd
DOI 10.5281/zenodo.20704699  <-  pkg:shahmukhi
DOI 10.5281/zenodo.20704705  <-  pkg:shan
DOI 10.5281/zenodo.20704710  <-  pkg:sindhi
DOI 10.5281/zenodo.20704712  <-  pkg:sinhala
DOI 10.5281/zenodo.20704719  <-  pkg:skr
DOI 10.5281/zenodo.20704722  <-  pkg:so_arab
DOI 10.5281/zenodo.20704726  <-  pkg:sorani
DOI 10.5281/zenodo.20704730  <-  pkg:sundanese
DOI 10.5281/zenodo.20704738  <-  pkg:sw_aj
DOI 10.5281/zenodo.20704745  <-  pkg:syr_gar
DOI 10.5281/zenodo.20704749  <-  pkg:syriac
DOI 10.5281/zenodo.20704751  <-  pkg:tagalog
DOI 10.5281/zenodo.20704757  <-  pkg:tamil
DOI 10.5281/zenodo.20704759  <-  pkg:tat
DOI 10.5281/zenodo.20704761  <-  pkg:telugu
DOI 10.5281/zenodo.20704763  <-  pkg:tg_pa
DOI 10.5281/zenodo.20704771  <-  pkg:thai
DOI 10.5281/zenodo.20704773  <-  pkg:tibetan
DOI 10.5281/zenodo.20704779  <-  pkg:tk_arab
DOI 10.5281/zenodo.20704783  <-  pkg:tulu
DOI 10.5281/zenodo.20704785  <-  pkg:ug
DOI 10.5281/zenodo.20704787  <-  pkg:urdu
DOI 10.5281/zenodo.20704789  <-  pkg:ur
DOI 10.5281/zenodo.20704795  <-  pkg:uyghur
DOI 10.5281/zenodo.20704806  <-  pkg:wbl
DOI 10.5281/zenodo.20704808  <-  pkg:wo_aj
register: /home/abhishek-choudhary/work/11jun/ops/doi_map.json (144 entries)
rc=0
